2025-05-29 22:22:56,966 [WARNING] PyNaCl is not installed, voice will NOT be supported.
2025-05-29 22:22:57,720 [INFO] [XACANNA] login OK
2025-05-29 22:22:57,978 [INFO] [CHADBRICK] login OK
2025-05-29 22:22:58,583 [INFO] [XACANNA] ready as xacanna
2025-05-29 22:22:58,858 [INFO] [CHADBRICK] ready as chadbrick
2025-05-29 22:23:00,857 [INFO] [BURP_LOOP] fired /burp in #┇・⌨・1hldb
2025-05-29 22:23:03,609 [INFO] Burping new token: htiu4mjmhetebkq7aas4wr6qgjsakyqgs3fcvudeosyf (231.0%)
2025-05-29 22:23:07,157 [INFO] Burping new token: 3akpgbhndzryr5gyskydlftp93hg42duuts8kkytatfv (164.0%)
2025-05-29 22:23:11,402 [INFO] Burping new token: 5dhvwqhl7lssjx7fhjlztkwudikjybsbs6cxgamd5byc (64.0%)
2025-05-29 22:23:16,688 [WARNING] [TT_LOOP] REST InvalidData('Did not receive a response from Discord') — recreate HTTP (1/3)
2025-05-29 22:23:16,690 [ERROR] Unhandled exception in internal background task 'tt_loop'.
Traceback (most recent call last):
  File "C:\Program Files\WindowsApps\PythonSoftwareFoundation.Python.3.13_3.13.1008.0_x64__qbz5n2kfra8p0\Lib\asyncio\tasks.py", line 507, in wait_for
    return await fut
           ^^^^^^^^^
asyncio.exceptions.CancelledError

The above exception was the direct cause of the following exception:

Traceback (most recent call last):
  File "C:\Users\lukas\AppData\Local\Packages\PythonSoftwareFoundation.Python.3.13_qbz5n2kfra8p0\LocalCache\local-packages\Python313\site-packages\discord\interactions.py", line 210, in _wrapped_interaction
    i = await state.client.wait_for(
        ^^^^^^^^^^^^^^^^^^^^^^^^^^^^
    ...<3 lines>...
    )
    ^
  File "C:\Program Files\WindowsApps\PythonSoftwareFoundation.Python.3.13_3.13.1008.0_x64__qbz5n2kfra8p0\Lib\asyncio\tasks.py", line 506, in wait_for
    async with timeouts.timeout(timeout):
               ~~~~~~~~~~~~~~~~^^^^^^^^^
  File "C:\Program Files\WindowsApps\PythonSoftwareFoundation.Python.3.13_3.13.1008.0_x64__qbz5n2kfra8p0\Lib\asyncio\timeouts.py", line 116, in __aexit__
    raise TimeoutError from exc_val
TimeoutError

The above exception was the direct cause of the following exception:

Traceback (most recent call last):
  File "C:\Users\lukas\Desktop\projects\ttforwarder\bot.py", line 366, in tt_loop
    await cmd.__call__(channel=ch, guild=ch.guild)
  File "C:\Users\lukas\AppData\Local\Packages\PythonSoftwareFoundation.Python.3.13_qbz5n2kfra8p0\LocalCache\local-packages\Python313\site-packages\discord\commands.py", line 649, in __call__
    return await super().__call__(*self._parse_kwargs(kwargs), channel)
           ^^^^^^^^^^^^^^^^^^^^^^^^^^^^^^^^^^^^^^^^^^^^^^^^^^^^^^^^^^^^
  File "C:\Users\lukas\AppData\Local\Packages\PythonSoftwareFoundation.Python.3.13_qbz5n2kfra8p0\LocalCache\local-packages\Python313\site-packages\discord\commands.py", line 269, in __call__
    return await super().__call__(data, files, channel)
           ^^^^^^^^^^^^^^^^^^^^^^^^^^^^^^^^^^^^^^^^^^^^
  File "C:\Users\lukas\AppData\Local\Packages\PythonSoftwareFoundation.Python.3.13_qbz5n2kfra8p0\LocalCache\local-packages\Python313\site-packages\discord\commands.py", line 140, in __call__
    return await _wrapped_interaction(
           ^^^^^^^^^^^^^^^^^^^^^^^^^^^
    ...<8 lines>...
    )
    ^
  File "C:\Users\lukas\AppData\Local\Packages\PythonSoftwareFoundation.Python.3.13_qbz5n2kfra8p0\LocalCache\local-packages\Python313\site-packages\discord\interactions.py", line 216, in _wrapped_interaction
    raise InvalidData('Did not receive a response from Discord') from exc
discord.errors.InvalidData: Did not receive a response from Discord

During handling of the above exception, another exception occurred:

Traceback (most recent call last):
  File "C:\Users\lukas\AppData\Local\Packages\PythonSoftwareFoundation.Python.3.13_qbz5n2kfra8p0\LocalCache\local-packages\Python313\site-packages\discord\ext\tasks\__init__.py", line 246, in _loop
    await self.coro(*args, **kwargs)
  File "C:\Users\lukas\Desktop\projects\ttforwarder\bot.py", line 373, in tt_loop
    await recreate_http()
  File "C:\Users\lukas\Desktop\projects\ttforwarder\bot.py", line 340, in recreate_http
    new_http = HTTPClient(loop=bot.loop, proxy=proxy, proxy_auth=proxy_auth)
TypeError: HTTPClient.__init__() got an unexpected keyword argument 'loop'
2025-05-29 22:23:16,949 [INFO] Burping new token: 0x9459a4a62ff61e91baa662006ee4f700b580c9cc (53.0%)
2025-05-29 22:23:21,407 [INFO] Burping token (negative Δ): s1pkgdbwgrkrvfcu9hsccd2jxvvqcncgztcfxebbnuh (-1.0%)
2025-05-29 22:23:25,417 [INFO] Burping token (negative Δ): 0xe826e098bbea09cc48bce11e039126e39cffaa3c (-16.0%)
2025-05-29 22:23:30,061 [ERROR] Ignoring exception in on_message_edit
Traceback (most recent call last):
  File "C:\Users\lukas\AppData\Local\Packages\PythonSoftwareFoundation.Python.3.13_qbz5n2kfra8p0\LocalCache\local-packages\Python313\site-packages\discord\client.py", line 689, in _run_event
    await coro(*args, **kwargs)
  File "C:\Users\lukas\Desktop\projects\ttforwarder\bot.py", line 164, in on_message_edit
    await bot.get_channel(GL_CH_ID).send(token)
  File "C:\Users\lukas\AppData\Local\Packages\PythonSoftwareFoundation.Python.3.13_qbz5n2kfra8p0\LocalCache\local-packages\Python313\site-packages\discord\abc.py", line 2006, in send
    data = await state.http.send_message(channel.id, params=params)
           ^^^^^^^^^^^^^^^^^^^^^^^^^^^^^^^^^^^^^^^^^^^^^^^^^^^^^^^^
  File "C:\Users\lukas\AppData\Local\Packages\PythonSoftwareFoundation.Python.3.13_qbz5n2kfra8p0\LocalCache\local-packages\Python313\site-packages\discord\http.py", line 842, in request
    response = await self.__session.request(method, url, **kwargs, stream=True)
               ^^^^^^^^^^^^^^^^^^^^^^^^^^^^^^^^^^^^^^^^^^^^^^^^^^^^^^^^^^^^^^^^
  File "C:\Users\lukas\AppData\Local\Packages\PythonSoftwareFoundation.Python.3.13_qbz5n2kfra8p0\LocalCache\local-packages\Python313\site-packages\curl_cffi\requests\session.py", line 933, in request
    self._check_session_closed()
    ~~~~~~~~~~~~~~~~~~~~~~~~~~^^
  File "C:\Users\lukas\AppData\Local\Packages\PythonSoftwareFoundation.Python.3.13_qbz5n2kfra8p0\LocalCache\local-packages\Python313\site-packages\curl_cffi\requests\session.py", line 290, in _check_session_closed
    raise SessionClosed("Session is closed, cannot send request.")
curl_cffi.requests.exceptions.SessionClosed: Session is closed, cannot send request.
2025-05-29 22:23:32,502 [INFO] Ctrl-C — exiting
2025-05-29 22:23:32,519 [ERROR] Task exception was never retrieved
future: <Task finished name='discord-ext-tasks: _attach_tt_tasks.<locals>.tt_loop' coro=<Loop._loop() done, defined at C:\Users\lukas\AppData\Local\Packages\PythonSoftwareFoundation.Python.3.13_qbz5n2kfra8p0\LocalCache\local-packages\Python313\site-packages\discord\ext\tasks\__init__.py:207> exception=TypeError("HTTPClient.__init__() got an unexpected keyword argument 'loop'")>
Traceback (most recent call last):
  File "C:\Program Files\WindowsApps\PythonSoftwareFoundation.Python.3.13_3.13.1008.0_x64__qbz5n2kfra8p0\Lib\asyncio\tasks.py", line 507, in wait_for
    return await fut
           ^^^^^^^^^
asyncio.exceptions.CancelledError

The above exception was the direct cause of the following exception:

Traceback (most recent call last):
  File "C:\Users\lukas\AppData\Local\Packages\PythonSoftwareFoundation.Python.3.13_qbz5n2kfra8p0\LocalCache\local-packages\Python313\site-packages\discord\interactions.py", line 210, in _wrapped_interaction
    i = await state.client.wait_for(
        ^^^^^^^^^^^^^^^^^^^^^^^^^^^^
    ...<3 lines>...
    )
    ^
  File "C:\Program Files\WindowsApps\PythonSoftwareFoundation.Python.3.13_3.13.1008.0_x64__qbz5n2kfra8p0\Lib\asyncio\tasks.py", line 506, in wait_for
    async with timeouts.timeout(timeout):
               ~~~~~~~~~~~~~~~~^^^^^^^^^
  File "C:\Program Files\WindowsApps\PythonSoftwareFoundation.Python.3.13_3.13.1008.0_x64__qbz5n2kfra8p0\Lib\asyncio\timeouts.py", line 116, in __aexit__
    raise TimeoutError from exc_val
TimeoutError

The above exception was the direct cause of the following exception:

Traceback (most recent call last):
  File "C:\Users\lukas\Desktop\projects\ttforwarder\bot.py", line 366, in tt_loop
    await cmd.__call__(channel=ch, guild=ch.guild)
  File "C:\Users\lukas\AppData\Local\Packages\PythonSoftwareFoundation.Python.3.13_qbz5n2kfra8p0\LocalCache\local-packages\Python313\site-packages\discord\commands.py", line 649, in __call__
    return await super().__call__(*self._parse_kwargs(kwargs), channel)
           ^^^^^^^^^^^^^^^^^^^^^^^^^^^^^^^^^^^^^^^^^^^^^^^^^^^^^^^^^^^^
  File "C:\Users\lukas\AppData\Local\Packages\PythonSoftwareFoundation.Python.3.13_qbz5n2kfra8p0\LocalCache\local-packages\Python313\site-packages\discord\commands.py", line 269, in __call__
    return await super().__call__(data, files, channel)
           ^^^^^^^^^^^^^^^^^^^^^^^^^^^^^^^^^^^^^^^^^^^^
  File "C:\Users\lukas\AppData\Local\Packages\PythonSoftwareFoundation.Python.3.13_qbz5n2kfra8p0\LocalCache\local-packages\Python313\site-packages\discord\commands.py", line 140, in __call__
    return await _wrapped_interaction(
           ^^^^^^^^^^^^^^^^^^^^^^^^^^^
    ...<8 lines>...
    )
    ^
  File "C:\Users\lukas\AppData\Local\Packages\PythonSoftwareFoundation.Python.3.13_qbz5n2kfra8p0\LocalCache\local-packages\Python313\site-packages\discord\interactions.py", line 216, in _wrapped_interaction
    raise InvalidData('Did not receive a response from Discord') from exc
discord.errors.InvalidData: Did not receive a response from Discord

During handling of the above exception, another exception occurred:

Traceback (most recent call last):
  File "C:\Users\lukas\AppData\Local\Packages\PythonSoftwareFoundation.Python.3.13_qbz5n2kfra8p0\LocalCache\local-packages\Python313\site-packages\discord\ext\tasks\__init__.py", line 271, in _loop
    raise exc
  File "C:\Users\lukas\AppData\Local\Packages\PythonSoftwareFoundation.Python.3.13_qbz5n2kfra8p0\LocalCache\local-packages\Python313\site-packages\discord\ext\tasks\__init__.py", line 246, in _loop
    await self.coro(*args, **kwargs)
  File "C:\Users\lukas\Desktop\projects\ttforwarder\bot.py", line 373, in tt_loop
    await recreate_http()
  File "C:\Users\lukas\Desktop\projects\ttforwarder\bot.py", line 340, in recreate_http
    new_http = HTTPClient(loop=bot.loop, proxy=proxy, proxy_auth=proxy_auth)
TypeError: HTTPClient.__init__() got an unexpected keyword argument 'loop'
2025-05-29 22:24:14,591 [WARNING] PyNaCl is not installed, voice will NOT be supported.
2025-05-29 22:24:15,331 [INFO] [XACANNA] login OK
2025-05-29 22:24:15,369 [INFO] [CHADBRICK] login OK
2025-05-29 22:24:15,996 [INFO] [XACANNA] ready as xacanna
2025-05-29 22:24:16,110 [INFO] [CHADBRICK] ready as chadbrick
2025-05-29 22:24:17,145 [INFO] [BURP_LOOP] fired /burp in #┇・⌨・1hldb
2025-05-29 22:24:35,063 [WARNING] [TT_LOOP] REST InvalidData('Did not receive a response from Discord') — recreate HTTP (1/3)
2025-05-29 22:25:28,846 [WARNING] [TT_LOOP] REST InvalidData('Did not receive a response from Discord') — recreate HTTP (2/3)
2025-05-29 22:26:28,796 [WARNING] [TT_LOOP] REST InvalidData('Did not receive a response from Discord') — recreate HTTP (3/3)
2025-05-29 22:26:29,470 [CRITICAL] [TT_LOOP] 3 fails — hard exit
2025-05-29 22:26:43,588 [WARNING] PyNaCl is not installed, voice will NOT be supported.
2025-05-29 22:26:44,070 [INFO] [XACANNA] login OK
2025-05-29 22:26:44,323 [INFO] [CHADBRICK] login OK
2025-05-29 22:26:44,741 [INFO] [XACANNA] ready as xacanna
2025-05-29 22:26:45,034 [INFO] [CHADBRICK] ready as chadbrick
2025-05-29 22:26:45,821 [INFO] [BURP_LOOP] fired /burp in #┇・⌨・1hldb
2025-05-29 22:27:03,679 [WARNING] [TT_LOOP] REST InvalidData('Did not receive a response from Discord') — recreate HTTP (1/3)
2025-05-29 22:27:57,547 [WARNING] [TT_LOOP] REST InvalidData('Did not receive a response from Discord') — recreate HTTP (2/3)
2025-05-29 22:28:18,218 [INFO] Ctrl-C — exiting
2025-05-29 22:29:12,959 [WARNING] PyNaCl is not installed, voice will NOT be supported.
2025-05-29 22:29:13,706 [INFO] [XACANNA] login OK
2025-05-29 22:29:13,715 [INFO] [CHADBRICK] login OK
2025-05-29 22:29:14,373 [INFO] [CHADBRICK] ready as chadbrick
2025-05-29 22:29:14,381 [INFO] [XACANNA] ready as xacanna
2025-05-29 22:29:15,605 [INFO] [BURP_LOOP] fired /burp in #┇・⌨・1hldb
2025-05-29 22:29:33,333 [WARNING] [TT_LOOP] REST InvalidData('Did not receive a response from Discord') — recreate HTTP (1/3)
2025-05-29 22:29:42,747 [INFO] Ctrl-C — exiting
2025-05-29 22:29:46,624 [WARNING] PyNaCl is not installed, voice will NOT be supported.
2025-05-29 22:29:47,132 [INFO] [XACANNA] login OK
2025-05-29 22:29:47,133 [INFO] [CHADBRICK] login OK
2025-05-29 22:29:47,809 [INFO] [XACANNA] ready as xacanna
2025-05-29 22:29:47,832 [INFO] [CHADBRICK] ready as chadbrick
2025-05-29 22:29:48,863 [INFO] [BURP_LOOP] fired /burp in #┇・⌨・1hldb
2025-05-29 22:30:05,610 [WARNING] [TT_LOOP] REST InvalidData('Did not receive a response from Discord') — recreate HTTP (1/3)
2025-05-29 22:30:15,054 [INFO] Ctrl-C — exiting
2025-05-29 22:33:21,928 [WARNING] PyNaCl is not installed, voice will NOT be supported.
2025-05-29 22:33:22,696 [INFO] [XACANNA] login OK
2025-05-29 22:33:22,747 [INFO] [CHADBRICK] login OK
2025-05-29 22:33:23,440 [INFO] [CHADBRICK] ready as chadbrick
2025-05-29 22:33:23,457 [INFO] [XACANNA] ready as xacanna
2025-05-29 22:33:30,869 [INFO] [BURP_LOOP] fired /burp in #┇・⌨・1hldb
2025-05-29 22:33:33,462 [INFO] Burping new token: htiu4mjmhetebkq7aas4wr6qgjsakyqgs3fcvudeosyf (436.0%)
2025-05-29 22:33:36,292 [WARNING] [COMMAND_CALL] InvalidData('Did not receive a response from Discord'), retrying in 2 seconds (1/3)
2025-05-29 22:33:36,906 [INFO] Burping new token: 3akpgbhndzryr5gyskydlftp93hg42duuts8kkytatfv (242.0%)
2025-05-29 22:33:41,272 [INFO] Burping new token: bcn9jctjkew9sxjnadjvxnz2nlhcvonucqfjbwv5gtzx (93.0%)
2025-05-29 22:33:46,805 [INFO] Burping new token: egxaefbnsrnje2mpmjccyybgwjhbjusahjd8i3gpp492 (59.0%)
2025-05-29 22:33:50,582 [INFO] Burping new token: 0x9459a4a62ff61e91baa662006ee4f700b580c9cc (56.0%)
2025-05-29 22:33:50,608 [WARNING] [COMMAND_CALL] InvalidData('Did not receive a response from Discord'), retrying in 4 seconds (2/3)
2025-05-29 22:33:55,062 [INFO] Burping token (negative Δ): 0xe826e098bbea09cc48bce11e039126e39cffaa3c (-16.0%)
2025-05-29 22:34:00,524 [INFO] Burping token (negative Δ): cskuuht1xkza3gkksb8c9kwjpu3ge5nb8hjfop8axfsl (-20.0%)
2025-05-29 22:34:06,011 [INFO] Burping token (negative Δ): 7vsjfxwbzcaugp2c1nttb1rc9r7quta76qmj4tc5wzk8 (-36.0%)
2025-05-29 22:34:06,913 [WARNING] [COMMAND_CALL] InvalidData('Did not receive a response from Discord'), retrying in 8 seconds (3/3)
2025-05-29 22:34:10,371 [INFO] Burping token (negative Δ): c8axnmuormvhhrazmxrpcuxncadjut8sycsvqxu9xme1 (-68.0%)
2025-05-29 22:34:14,920 [ERROR] [COMMAND_CALL] Failed after 3 retries: InvalidData('Did not receive a response from Discord')
2025-05-29 22:34:14,920 [WARNING] [TT_LOOP] REST InvalidData('Did not receive a response from Discord') — recreate HTTP (1/3)
2025-05-29 22:34:15,628 [INFO] Burping token (negative Δ): 5dhvwqhl7lssjx7fhjlztkwudikjybsbs6cxgamd5byc (-76.0%)
2025-05-29 22:34:36,272 [WARNING] [COMMAND_CALL] InvalidData('Did not receive a response from Discord'), retrying in 2 seconds (1/3)
2025-05-29 22:34:50,720 [WARNING] [COMMAND_CALL] InvalidData('Did not receive a response from Discord'), retrying in 4 seconds (2/3)
2025-05-29 22:35:07,091 [WARNING] [COMMAND_CALL] InvalidData('Did not receive a response from Discord'), retrying in 8 seconds (3/3)
2025-05-29 22:35:15,101 [ERROR] [COMMAND_CALL] Failed after 3 retries: InvalidData('Did not receive a response from Discord')
2025-05-29 22:35:15,101 [WARNING] [TT_LOOP] REST InvalidData('Did not receive a response from Discord') — recreate HTTP (2/3)
2025-05-29 22:35:36,335 [WARNING] [COMMAND_CALL] InvalidData('Did not receive a response from Discord'), retrying in 2 seconds (1/3)
2025-05-29 22:35:50,643 [WARNING] [COMMAND_CALL] InvalidData('Did not receive a response from Discord'), retrying in 4 seconds (2/3)
2025-05-29 22:36:07,004 [WARNING] [COMMAND_CALL] InvalidData('Did not receive a response from Discord'), retrying in 8 seconds (3/3)
2025-05-29 22:36:15,007 [ERROR] [COMMAND_CALL] Failed after 3 retries: InvalidData('Did not receive a response from Discord')
2025-05-29 22:36:15,008 [WARNING] [TT_LOOP] REST InvalidData('Did not receive a response from Discord') — recreate HTTP (3/3)
2025-05-29 22:36:15,729 [CRITICAL] [TT_LOOP] 3 fails — hard exit
2025-05-31 18:16:38,139 [WARNING] PyNaCl is not installed, voice will NOT be supported.
2025-05-31 18:16:38,979 [INFO] [READYTOSPY] login OK
2025-05-31 18:16:38,982 [INFO] [TRIBEIQ] login OK
2025-05-31 18:16:38,990 [INFO] [HOODNARRATOR] login OK
2025-05-31 18:16:39,005 [INFO] [EYESINTHEHOOK] login OK
2025-05-31 18:16:39,774 [INFO] [READYTOSPY] ready as readytospy
2025-05-31 18:16:39,815 [INFO] [TRIBEIQ] ready as tribeiq
2025-05-31 18:16:39,849 [INFO] [HOODNARRATOR] ready as hoodnarrator
2025-05-31 18:16:39,885 [INFO] [EYESINTHEHOOK] ready as eyesinthehook
2025-05-31 18:16:40,722 [INFO] [TT_LOOP] fired /tt in #trending
2025-05-31 18:16:41,007 [INFO] Forwarding tweet: https://twitter.com/arkham/status/1928819495717515725
2025-05-31 18:16:41,114 [INFO] [BURP_LOOP] fired /burp in #burp
2025-05-31 18:16:43,510 [INFO] Burping new token: a2fmmqk158ndadwnxwehwsqt91xqvkwjx8jknkmmykaf (307.0%)
2025-05-31 18:16:43,513 [INFO] Burping new token: 9kanisrqhssgwlf4dshraxq9dus5n5ajiark7yysbxm6 (83.0%)
2025-05-31 18:16:44,628 [INFO] Forwarding tweet: https://twitter.com/stayloudio/status/1928829305645105469
2025-05-31 18:16:47,761 [INFO] Burping new token: 4ms591rouy95kdwnmcdoc44cibamoztzjfprha3wg4on (74.0%)
2025-05-31 18:16:48,508 [INFO] Forwarding tweet: https://twitter.com/mike8pump/status/1928831577003327897
2025-05-31 18:16:53,453 [INFO] Forwarding tweet: https://twitter.com/usedbenz2001/status/1928838566022439288
2025-05-31 18:16:55,825 [INFO] [TT_LOOP] fired /tt in #trending
2025-05-31 18:16:55,918 [INFO] [TT_LOOP] fired /tt in #trending
2025-05-31 18:16:56,083 [INFO] Forwarding tweet: https://twitter.com/michaelbeer01/status/1928838762294899118
2025-05-31 18:16:56,289 [INFO] Forwarding tweet: https://twitter.com/mike8pump/status/1928831590987080096
2025-05-31 18:16:58,715 [INFO] Forwarding tweet: https://twitter.com/Stefan_3S/status/1928480630872182851
2025-05-31 18:17:00,187 [INFO] Forwarding tweet: https://twitter.com/JamesWynnReal/status/1928841276771938460
2025-05-31 18:17:00,803 [INFO] Forwarding tweet: https://twitter.com/JamesWynnReal/status/1928744990529958224
2025-05-31 18:17:01,717 [INFO] [TT_LOOP] fired /tt in #trending
2025-05-31 18:17:01,964 [INFO] [TT_LOOP] fired /tt in #trending
2025-05-31 18:17:02,165 [INFO] Forwarding tweet: https://twitter.com/damexbt/status/1928844150415176094
2025-05-31 18:17:07,461 [INFO] [TT_LOOP] fired /tt in #trending
2025-05-31 18:17:07,685 [INFO] [TT_LOOP] fired /tt in #trending
2025-05-31 18:17:13,336 [INFO] [TT_LOOP] fired /tt in #trending
2025-05-31 18:17:13,358 [INFO] [TT_LOOP] fired /tt in #trending
2025-05-31 18:17:19,168 [INFO] [TT_LOOP] fired /tt in #trending
2025-05-31 18:17:19,282 [INFO] [TT_LOOP] fired /tt in #trending
2025-05-31 18:17:24,909 [INFO] [TT_LOOP] fired /tt in #trending
2025-05-31 18:17:25,037 [INFO] [TT_LOOP] fired /tt in #trending
2025-05-31 18:17:30,487 [INFO] [TT_LOOP] fired /tt in #trending
2025-05-31 18:17:30,761 [INFO] [TT_LOOP] fired /tt in #trending
2025-05-31 18:17:36,156 [INFO] [TT_LOOP] fired /tt in #trending
2025-05-31 18:17:36,538 [INFO] [TT_LOOP] fired /tt in #trending
2025-05-31 18:17:41,044 [WARNING] [FETCH_COMMANDS] Network error, retrying in 2 seconds (1/5)
2025-05-31 18:17:41,359 [WARNING] [FETCH_COMMANDS] Network error, retrying in 2 seconds (1/5)
2025-05-31 18:17:43,051 [WARNING] [FETCH_COMMANDS] Network error, retrying in 4 seconds (2/5)
2025-05-31 18:17:43,361 [WARNING] [FETCH_COMMANDS] Network error, retrying in 4 seconds (2/5)
2025-05-31 18:17:45,366 [INFO] Ctrl-C — exiting
2025-05-31 18:26:18,041 [WARNING] PyNaCl is not installed, voice will NOT be supported.
2025-05-31 18:26:18,806 [INFO] [READYTOSPY] login OK
2025-05-31 18:26:18,809 [INFO] [TRIBEIQ] login OK
2025-05-31 18:26:18,815 [INFO] [HOODNARRATOR] login OK
2025-05-31 18:26:18,832 [INFO] [EYESINTHEHOOK] login OK
2025-05-31 18:26:19,636 [INFO] [TRIBEIQ] ready as tribeiq
2025-05-31 18:26:19,636 [INFO] [TRIBEIQ] selected for TT tasks
2025-05-31 18:26:19,653 [INFO] [HOODNARRATOR] ready as hoodnarrator
2025-05-31 18:26:19,654 [INFO] [HOODNARRATOR] selected for BURP tasks
2025-05-31 18:26:19,685 [INFO] [EYESINTHEHOOK] ready as eyesinthehook
2025-05-31 18:26:19,706 [INFO] [READYTOSPY] ready as readytospy
2025-05-31 18:26:20,524 [INFO] [TT_LOOP] fired /tt in #trending with interval 180s+0.72s
2025-05-31 18:26:20,622 [INFO] [BURP_LOOP] fired /burp in #burp with cooldown 600s+17.21s
2025-05-31 18:26:20,768 [INFO] Forwarding tweet: https://twitter.com/arkham/status/1928819495717515725
2025-05-31 18:26:24,126 [INFO] Forwarding tweet: https://twitter.com/stayloudio/status/1928829305645105469
2025-05-31 18:26:28,405 [INFO] Forwarding tweet: https://twitter.com/mike8pump/status/1928831577003327897
2025-05-31 18:26:33,533 [INFO] Forwarding tweet: https://twitter.com/usedbenz2001/status/1928838566022439288
2025-05-31 18:26:37,641 [INFO] Forwarding tweet: https://twitter.com/michaelbeer01/status/1928838762294899118
2025-05-31 18:26:41,776 [INFO] Forwarding tweet: https://twitter.com/JamesWynnReal/status/1928841276771938460
2025-05-31 18:26:47,032 [INFO] Forwarding tweet: https://twitter.com/mike8pump/status/1928831590987080096
2025-05-31 18:26:51,660 [INFO] Forwarding tweet: https://twitter.com/Stefan_3S/status/1928480630872182851
2025-05-31 18:26:56,721 [INFO] Forwarding tweet: https://twitter.com/Labubu_ERC/status/1928063979277996442
2025-05-31 18:27:00,451 [INFO] Forwarding tweet: https://twitter.com/JamesWynnReal/status/1928744990529958224
2025-05-31 18:27:21,538 [INFO] [TT_LOOP] fired /tt in #trending with interval 60s+0.99s
2025-05-31 18:27:21,785 [INFO] Forwarding tweet: https://twitter.com/stayloudio/status/1928850629499158739
2025-05-31 18:28:27,678 [INFO] [TT_LOOP] fired /tt in #trending with interval 60s+0.38s
2025-05-31 18:29:29,958 [INFO] [TT_LOOP] fired /tt in #trending with interval 60s+1.56s
2025-05-31 18:34:36,745 [WARNING] PyNaCl is not installed, voice will NOT be supported.
2025-05-31 18:34:37,551 [INFO] [READYTOSPY] login OK
2025-05-31 18:34:37,553 [INFO] [TRIBEIQ] login OK
2025-05-31 18:34:37,553 [INFO] [EYESINTHEHOOK] login OK
2025-05-31 18:34:37,585 [INFO] [HOODNARRATOR] login OK
2025-05-31 18:34:38,354 [INFO] [HOODNARRATOR] ready as hoodnarrator
2025-05-31 18:34:38,355 [INFO] [HOODNARRATOR] selected for BURP tasks
2025-05-31 18:34:38,397 [INFO] [EYESINTHEHOOK] ready as eyesinthehook
2025-05-31 18:34:38,401 [INFO] [READYTOSPY] ready as readytospy
2025-05-31 18:34:38,508 [INFO] [TRIBEIQ] ready as tribeiq
2025-05-31 18:34:38,508 [INFO] [TRIBEIQ] selected for TT tasks
2025-05-31 18:34:38,754 [INFO] [BURP_LOOP] fired /burp in #burp with cooldown 600s+15.25s
2025-05-31 18:34:38,872 [INFO] [TT_LOOP] fired /tt in #trending with interval 180s+0.12s
2025-05-31 18:34:39,732 [INFO] Forwarding tweet: https://twitter.com/arkham/status/1928819495717515725
2025-05-31 18:34:41,705 [INFO] Burping new token: 62rq66zu7wuvnjfrhdzb3n3rrb6ztsmw6pv1iuxo3suu (781.0%)
2025-05-31 18:34:41,706 [INFO] Burping new token: 9kanisrqhssgwlf4dshraxq9dus5n5ajiark7yysbxm6 (52.0%)
2025-05-31 18:34:43,883 [INFO] Forwarding tweet: https://twitter.com/stayloudio/status/1928850629499158739
2025-05-31 18:34:46,219 [INFO] Burping new token: a2fmmqk158ndadwnxwehwsqt91xqvkwjx8jknkmmykaf (32.0%)
2025-05-31 18:34:46,676 [INFO] Burping token (negative Δ): 0xabaf5c8da1309ac6480791c4ef3725e5b9af5ef9 (-7.0%)
2025-05-31 18:34:49,181 [INFO] Forwarding tweet: https://twitter.com/mike8pump/status/1928831577003327897
2025-05-31 18:34:50,692 [INFO] Burping token (negative Δ): 2arxhedzkeswnfmu1r3uwwnsuhee1umdu1txbvej415w (-92.0%)
2025-05-31 18:34:50,767 [INFO] Burping token (negative Δ): 0xabaf5c8da1309ac6480791c4ef3725e5b9af5ef9 (-7.0%)
2025-05-31 18:34:53,756 [INFO] Forwarding tweet: https://twitter.com/usedbenz2001/status/1928838566022439288
2025-05-31 18:34:55,445 [INFO] Burping token (negative Δ): 2arxhedzkeswnfmu1r3uwwnsuhee1umdu1txbvej415w (-92.0%)
2025-05-31 18:34:58,175 [INFO] Forwarding tweet: https://twitter.com/JamesWynnReal/status/1928841276771938460
2025-05-31 18:35:02,224 [INFO] Forwarding tweet: https://twitter.com/stayloudio/status/1928829305645105469
2025-05-31 18:35:06,077 [INFO] Forwarding tweet: https://twitter.com/michaelbeer01/status/1928838762294899118
2025-05-31 18:35:10,389 [INFO] Forwarding tweet: https://twitter.com/mike8pump/status/1928831590987080096
2025-05-31 18:35:14,607 [INFO] Forwarding tweet: https://twitter.com/Stefan_3S/status/1928480630872182851
2025-05-31 18:35:18,742 [INFO] Forwarding tweet: https://twitter.com/Labubu_ERC/status/1928063979277996442
2025-05-31 18:39:39,675 [INFO] Ctrl-C — exiting
2025-05-31 18:49:35,784 [WARNING] PyNaCl is not installed, voice will NOT be supported.
2025-05-31 18:49:36,574 [INFO] [HOODNARRATOR] login OK
2025-05-31 18:49:36,600 [INFO] [TRIBEIQ] login OK
2025-05-31 18:49:36,601 [INFO] [READYTOSPY] login OK
2025-05-31 18:49:36,601 [INFO] [EYESINTHEHOOK] login OK
2025-05-31 18:49:37,414 [INFO] [HOODNARRATOR] ready as hoodnarrator
2025-05-31 18:49:37,414 [INFO] [HOODNARRATOR] selected for BURP tasks
2025-05-31 18:49:37,436 [INFO] [TRIBEIQ] ready as tribeiq
2025-05-31 18:49:37,461 [INFO] [READYTOSPY] ready as readytospy
2025-05-31 18:49:37,483 [INFO] [EYESINTHEHOOK] ready as eyesinthehook
2025-05-31 18:49:37,483 [INFO] [EYESINTHEHOOK] selected for TT tasks
2025-05-31 18:49:37,805 [INFO] [BURP_LOOP] fired /burp in #burp with cooldown 600s+15.25s
2025-05-31 18:49:37,888 [INFO] [TT_LOOP] fired /tt in #trending with interval 180s+0.12s
2025-05-31 18:49:38,748 [INFO] Forwarding tweet: https://twitter.com/stayloudio/status/1928850629499158739
2025-05-31 18:49:41,018 [INFO] Burping new token: ahyj4o7zbvrn6lonwzsq2g3anpbmbtvct7w3dwsgrgp6 (666.0%)
2025-05-31 18:49:41,030 [INFO] Burping new token: 62rq66zu7wuvnjfrhdzb3n3rrb6ztsmw6pv1iuxo3suu (245.0%)
2025-05-31 18:49:45,612 [INFO] Forwarding tweet: https://twitter.com/arkham/status/1928819495717515725
2025-05-31 18:49:49,054 [INFO] Burping new token: cb1qfvrbb9d4dnaxrwxfw4mkv8nphjohzkmbwdrhmfsg (21.0%)
2025-05-31 18:49:53,943 [INFO] Burping new token: 0x7d91559a80831d9314acee3a07ebfe539eba7cc6 (4.0%)
2025-05-31 18:49:57,603 [INFO] Burping new token: 0xabaf5c8da1309ac6480791c4ef3725e5b9af5ef9 (0.0%)
2025-05-31 18:49:59,960 [INFO] Burping token (negative Δ): 2arxhedzkeswnfmu1r3uwwnsuhee1umdu1txbvej415w (-14.0%)
2025-05-31 18:50:00,759 [INFO] Forwarding tweet: https://twitter.com/pumpdotfun/status/1928853752750158169
2025-05-31 18:50:07,590 [INFO] Burping token (negative Δ): 2arxhedzkeswnfmu1r3uwwnsuhee1umdu1txbvej415w (-14.0%)
2025-05-31 18:50:11,932 [INFO] Forwarding tweet: https://twitter.com/usedbenz2001/status/1928838566022439288
2025-05-31 18:50:18,266 [INFO] Forwarding tweet: https://twitter.com/mike8pump/status/1928831577003327897
2025-05-31 18:50:24,420 [INFO] Forwarding tweet: https://twitter.com/JamesWynnReal/status/1928841276771938460
2025-05-31 18:50:29,216 [INFO] Forwarding tweet: https://twitter.com/michaelbeer01/status/1928838762294899118
2025-05-31 18:50:37,492 [INFO] Forwarding tweet: https://twitter.com/Stefan_3S/status/1928480630872182851
2025-05-31 18:50:44,137 [INFO] Forwarding tweet: https://twitter.com/Labubu_ERC/status/1928063979277996442
2025-05-31 18:50:49,975 [INFO] Forwarding tweet: https://twitter.com/mike8pump/status/1928831590987080096
2025-05-31 18:53:56,342 [INFO] Ctrl-C — exiting
2025-05-31 18:58:27,774 [WARNING] PyNaCl is not installed, voice will NOT be supported.
2025-05-31 18:58:28,565 [INFO] [TRIBEIQ] login OK
2025-05-31 18:58:28,569 [INFO] [READYTOSPY] login OK
2025-05-31 18:58:28,583 [INFO] [HOODNARRATOR] login OK
2025-05-31 18:58:28,588 [INFO] [EYESINTHEHOOK] login OK
2025-05-31 18:58:29,387 [INFO] [READYTOSPY] ready as readytospy
2025-05-31 18:58:29,387 [INFO] [READYTOSPY] selected for BURP tasks
2025-05-31 18:58:29,407 [INFO] [TRIBEIQ] ready as tribeiq
2025-05-31 18:58:29,430 [INFO] [EYESINTHEHOOK] ready as eyesinthehook
2025-05-31 18:58:29,431 [INFO] [EYESINTHEHOOK] selected for TT tasks
2025-05-31 18:58:29,478 [INFO] [HOODNARRATOR] ready as hoodnarrator
2025-05-31 18:58:29,794 [INFO] [TT_LOOP] fired /tt in #trending with interval 180s+0.12s
2025-05-31 18:58:29,838 [INFO] [BURP_LOOP] fired /burp in #burp with cooldown 600s+15.25s
2025-05-31 18:58:30,712 [INFO] Forwarding tweet: https://twitter.com/stayloudio/status/1928850629499158739
2025-05-31 18:58:45,820 [INFO] Forwarding tweet: https://twitter.com/arkham/status/1928819495717515725
2025-05-31 18:58:58,938 [INFO] Forwarding tweet: https://twitter.com/pumpdotfun/status/1928853752750158169
2025-05-31 18:59:07,668 [INFO] Forwarding tweet: https://twitter.com/usedbenz2001/status/1928838566022439288
2025-05-31 18:59:10,842 [INFO] Forwarding tweet: https://twitter.com/mike8pump/status/1928831577003327897
2025-05-31 18:59:18,095 [INFO] Forwarding tweet: https://twitter.com/JamesWynnReal/status/1928841276771938460
2025-05-31 18:59:26,612 [INFO] Forwarding tweet: https://twitter.com/michaelbeer01/status/1928838762294899118
2025-05-31 18:59:28,221 [INFO] Forwarding tweet: https://twitter.com/Labubu_ERC/status/1928063979277996442
2025-05-31 18:59:29,872 [INFO] Forwarding tweet: https://twitter.com/antifunapp/status/1920631185731899664
2025-05-31 18:59:44,767 [INFO] Forwarding tweet: https://twitter.com/damexbt/status/1928844150415176094
2025-05-31 19:01:31,884 [INFO] [TT_LOOP] fired /tt in #trending with interval 180s+1.81s
2025-05-31 19:01:33,246 [INFO] Forwarding tweet: https://twitter.com/stayloudio/status/1928858475633025174
2025-05-31 19:04:33,133 [INFO] [TT_LOOP] fired /tt in #trending with interval 180s+0.44s
2025-05-31 19:07:35,091 [INFO] [TT_LOOP] fired /tt in #trending with interval 180s+1.93s
2025-05-31 19:07:35,885 [INFO] Forwarding tweet: https://twitter.com/ClubConcrave/status/1928198271140237760
2025-05-31 19:07:49,774 [INFO] Ctrl-C — exiting
